<?xml version="1.0" encoding="UTF-8"?>
<testsuite name="com.csc.TestTriangleNumberCalculator" tests="3" skipped="0" failures="0" errors="0" timestamp="2024-10-19T21:38:12" hostname="Akshats-MacBook-Air.local" time="0.007">
  <properties/>
  <testcase name="testAdd()" classname="com.csc.TestTriangleNumberCalculator" time="0.006"/>
  <testcase name="testSubtract()" classname="com.csc.TestTriangleNumberCalculator" time="0.001"/>
  <testcase name="testValue()" classname="com.csc.TestTriangleNumberCalculator" time="0.0"/>
  <system-out><![CDATA[]]></system-out>
  <system-err><![CDATA[]]></system-err>
</testsuite>
